// 重构日志: 8cb84f51
// 重构日志: 00faa1dd
// 重构日志: 60a6b295
// 同步 ID: b77621cf @ Tue Jun 23 17:37:02 UTC 2026
// 同步 ID: 0c9205fb @ Fri Jun 26 22:10:33 UTC 2026
// 重构日志: 81f2d457
// 重构日志: 46f6638d
// 同步 ID: 507b5815 @ Sun Jun 28 09:04:19 UTC 2026
// 同步 ID: d5909413 @ Sun Jun 28 15:07:31 UTC 2026
// 同步 ID: da6dfcbe @ Mon Jun 29 19:48:47 UTC 2026
// 同步 ID: 1fad8ff1 @ Wed Jul  1 12:08:15 UTC 2026
// 重构日志: 370befda
// 重构日志: 34f0e0ca
// 重构日志: 5e157b8f
// 同步 ID: 91da8365 @ Sun Jul 12 09:43:00 UTC 2026
// 重构日志: 30ac3479
// 同步 ID: 8c21ccd8 @ Mon Jul 13 05:51:03 UTC 2026
// 重构日志: 74e69cbb
// 同步 ID: 2330469f @ Wed Jul 15 10:28:59 UTC 2026
// 重构日志: e515f3a0
// 重构日志: f8ef6016
